0 info it worked if it ends with ok
1 verbose cli [ '/usr/bin/node', '/usr/bin/npm', 'install', 'yarn', '–g' ]
2 info using npm@3.5.2
3 info using node@v8.10.0
4 silly loadCurrentTree Starting
5 silly install loadCurrentTree
6 silly install readLocalPackageData
7 silly fetchPackageMetaData yarn
8 silly fetchPackageMetaData –g
9 silly fetchNamedPackageData yarn
10 silly mapToRegistry name yarn
11 silly mapToRegistry using default registry
12 silly mapToRegistry registry https://registry.npmjs.org/
13 silly mapToRegistry uri https://registry.npmjs.org/yarn
14 silly fetchOtherPackageData –g
15 silly cache add args [ '–g', null ]
16 verbose cache add spec –g
17 silly cache add parsed spec Result {
17 silly cache add   raw: '–g',
17 silly cache add   scope: null,
17 silly cache add   name: null,
17 silly cache add   rawSpec: '–g',
17 silly cache add   spec: '/home/jhoel/Documents/EDA COLOR/Grupo-4-5-EDA/Oc_Quantizer_RGB/–g',
17 silly cache add   type: 'local' }
18 error addLocal Could not install /home/jhoel/Documents/EDA COLOR/Grupo-4-5-EDA/Oc_Quantizer_RGB/–g
19 silly fetchPackageMetaData Error: ENOENT: no such file or directory, open '/home/jhoel/Documents/EDA COLOR/Grupo-4-5-EDA/Oc_Quantizer_RGB/–g'
19 silly fetchPackageMetaData  error for –g { Error: ENOENT: no such file or directory, open '/home/jhoel/Documents/EDA COLOR/Grupo-4-5-EDA/Oc_Quantizer_RGB/–g'
19 silly fetchPackageMetaData   errno: -2,
19 silly fetchPackageMetaData   code: 'ENOENT',
19 silly fetchPackageMetaData   syscall: 'open',
19 silly fetchPackageMetaData   path: '/home/jhoel/Documents/EDA COLOR/Grupo-4-5-EDA/Oc_Quantizer_RGB/–g' }
20 verbose request uri https://registry.npmjs.org/yarn
21 verbose request no auth needed
22 info attempt registry request try #1 at 9:40:06 AM
23 verbose request id 15017daec86b3e68
24 http request GET https://registry.npmjs.org/yarn
25 verbose stack TypeError: The header content contains invalid characters
25 verbose stack     at validateHeader (_http_outgoing.js:494:11)
25 verbose stack     at ClientRequest.setHeader (_http_outgoing.js:498:3)
25 verbose stack     at new ClientRequest (_http_client.js:173:14)
25 verbose stack     at Object.request (http.js:38:10)
25 verbose stack     at Object.request (https.js:239:15)
25 verbose stack     at Request.start (/usr/share/npm/node_modules/request/request.js:793:30)
25 verbose stack     at Request.end (/usr/share/npm/node_modules/request/request.js:1400:10)
25 verbose stack     at end (/usr/share/npm/node_modules/request/request.js:564:14)
25 verbose stack     at Immediate._onImmediate (/usr/share/npm/node_modules/request/request.js:578:7)
25 verbose stack     at runCallback (timers.js:794:20)
26 verbose cwd /home/jhoel/Documents/EDA COLOR/Grupo-4-5-EDA/Oc_Quantizer_RGB
27 error Linux 5.4.0-52-generic
28 error argv "/usr/bin/node" "/usr/bin/npm" "install" "yarn" "–g"
29 error node v8.10.0
30 error npm  v3.5.2
31 error The header content contains invalid characters
32 error If you need help, you may report this error at:
32 error     <https://github.com/npm/npm/issues>
33 verbose exit [ 1, true ]
